<?xml version="1.0" encoding="UTF-8"?>
<!-- Generated by org.testng.reporters.JUnitReportReporter -->
<testsuite hostname="LAPTOP-5I1GGI38" failures="0" tests="1" name="com.crm.actitime.testscripts.CreateCustomer" time="10.350" errors="0" timestamp="2023-01-16T12:37:17 IST" skipped="0">
  <testcase classname="com.crm.actitime.testscripts.CreateCustomer" name="createcustomer" time="10.350"/>
  <system-out>
    <![CDATA[customer created]]>
  </system-out>
</testsuite> <!-- com.crm.actitime.testscripts.CreateCustomer -->
